<?xml version="1.0" encoding="UTF-8"?>
<!-- Generated by org.testng.reporters.JUnitReportReporter -->
<testsuite skipped="0" hostname="LAPTOP-M6F29H3O" name="com.rediff.CucumberOptions.RediffRunner" tests="3" failures="0" timestamp="23 May 2020 06:31:17 GMT" time="56.626" errors="0">
  <testcase name="runScenario" time="17.203" classname="com.rediff.CucumberOptions.RediffRunner"/>
  <testcase name="runScenario" time="24.232" classname="com.rediff.CucumberOptions.RediffRunner"/>
  <testcase name="runScenario" time="15.191" classname="com.rediff.CucumberOptions.RediffRunner"/>
</testsuite> <!-- com.rediff.CucumberOptions.RediffRunner -->
